<?xml version="1.0" encoding="UTF-8"?>
<!-- Generated by org.testng.reporters.JUnitReportReporter -->
<testsuite skipped="0" hostname="DESKTOP-NRQHBII" name="com.Tests.TestCases" tests="3" failures="0" timestamp="26 Jan 2020 16:46:41 GMT" time="19.603" errors="0">
  <testcase name="verifyUnableToGiveAnEstimateOfYourBorrowing" time="2.304" classname="com.Tests.TestCases"/>
  <testcase name="verifyBorrowingEstimate" time="16.883" classname="com.Tests.TestCases"/>
  <testcase name="verifyClearForm" time="0.416" classname="com.Tests.TestCases"/>
</testsuite> <!-- com.Tests.TestCases -->
