<?xml version="1.0" encoding="UTF-8"?>
<!-- Generated by org.testng.reporters.JUnitReportReporter -->
<testsuite skipped="0" hostname="DESKTOP-NRQHBII" name="com.automationTesting.App" tests="1" failures="0" timestamp="25 Jan 2020 11:02:13 GMT" time="0.008" errors="0">
  <testcase name="add" time="0.008" classname="com.automationTesting.App"/>
</testsuite> <!-- com.automationTesting.App -->
